Checking whether the C compiler is IAR using "" did not match "IAR .+ Compiler":
You have not agreed to the Xcode license agreements. Please run 'sudo xcodebuild -license' from within a Terminal window to review and agree to the Xcode and Apple SDKs license.
Checking whether the C compiler is IAR using "" did not match "IAR .+ Compiler":
You have not agreed to the Xcode license agreements. Please run 'sudo xcodebuild -license' from within a Terminal window to review and agree to the Xcode and Apple SDKs license.
Detecting C compiler ABI info failed to compile with the following output:
Change Dir: /Users/antoinejarmoszko/CLionProjects/calendar/cmake-build-debug/CMakeFiles/CMakeScratch/TryCompile-vR9WUo

Run Build Command(s):/Applications/CLion.app/Contents/bin/ninja/mac/ninja cmTC_2f5c5 && [1/2] Building C object CMakeFiles/cmTC_2f5c5.dir/CMakeCCompilerABI.c.o
FAILED: CMakeFiles/cmTC_2f5c5.dir/CMakeCCompilerABI.c.o 
/usr/bin/cc   -arch arm64 -o CMakeFiles/cmTC_2f5c5.dir/CMakeCCompilerABI.c.o -c /Applications/CLion.app/Contents/bin/cmake/mac/share/cmake-3.25/Modules/CMakeCCompilerABI.c
You have not agreed to the Xcode license agreements. Please run 'sudo xcodebuild -license' from within a Terminal window to review and agree to the Xcode and Apple SDKs license.
ninja: build stopped: subcommand failed.




Determining if the C compiler works failed with the following output:
Change Dir: /Users/antoinejarmoszko/CLionProjects/calendar/cmake-build-debug/CMakeFiles/CMakeScratch/TryCompile-YPX12k

Run Build Command(s):/Applications/CLion.app/Contents/bin/ninja/mac/ninja cmTC_c62a8 && [1/2] Building C object CMakeFiles/cmTC_c62a8.dir/testCCompiler.c.o
FAILED: CMakeFiles/cmTC_c62a8.dir/testCCompiler.c.o 
/usr/bin/cc   -arch arm64 -o CMakeFiles/cmTC_c62a8.dir/testCCompiler.c.o -c /Users/antoinejarmoszko/CLionProjects/calendar/cmake-build-debug/CMakeFiles/CMakeScratch/TryCompile-YPX12k/testCCompiler.c
You have not agreed to the Xcode license agreements. Please run 'sudo xcodebuild -license' from within a Terminal window to review and agree to the Xcode and Apple SDKs license.
ninja: build stopped: subcommand failed.



Checking whether the C compiler is IAR using "" did not match "IAR .+ Compiler":
You have not agreed to the Xcode license agreements. Please run 'sudo xcodebuild -license' from within a Terminal window to review and agree to the Xcode and Apple SDKs license.
Checking whether the C compiler is IAR using "" did not match "IAR .+ Compiler":
You have not agreed to the Xcode license agreements. Please run 'sudo xcodebuild -license' from within a Terminal window to review and agree to the Xcode and Apple SDKs license.
Detecting C compiler ABI info failed to compile with the following output:
Change Dir: /Users/antoinejarmoszko/CLionProjects/calendar/cmake-build-debug/CMakeFiles/CMakeScratch/TryCompile-HHgbYT

Run Build Command(s):/Applications/CLion.app/Contents/bin/ninja/mac/ninja cmTC_c78ac && [1/2] Building C object CMakeFiles/cmTC_c78ac.dir/CMakeCCompilerABI.c.o
FAILED: CMakeFiles/cmTC_c78ac.dir/CMakeCCompilerABI.c.o 
/usr/bin/cc   -arch arm64 -o CMakeFiles/cmTC_c78ac.dir/CMakeCCompilerABI.c.o -c /Applications/CLion.app/Contents/bin/cmake/mac/share/cmake-3.25/Modules/CMakeCCompilerABI.c
You have not agreed to the Xcode license agreements. Please run 'sudo xcodebuild -license' from within a Terminal window to review and agree to the Xcode and Apple SDKs license.
ninja: build stopped: subcommand failed.




Determining if the C compiler works failed with the following output:
Change Dir: /Users/antoinejarmoszko/CLionProjects/calendar/cmake-build-debug/CMakeFiles/CMakeScratch/TryCompile-svzB3f

Run Build Command(s):/Applications/CLion.app/Contents/bin/ninja/mac/ninja cmTC_e4247 && [1/2] Building C object CMakeFiles/cmTC_e4247.dir/testCCompiler.c.o
FAILED: CMakeFiles/cmTC_e4247.dir/testCCompiler.c.o 
/usr/bin/cc   -arch arm64 -o CMakeFiles/cmTC_e4247.dir/testCCompiler.c.o -c /Users/antoinejarmoszko/CLionProjects/calendar/cmake-build-debug/CMakeFiles/CMakeScratch/TryCompile-svzB3f/testCCompiler.c
You have not agreed to the Xcode license agreements. Please run 'sudo xcodebuild -license' from within a Terminal window to review and agree to the Xcode and Apple SDKs license.
ninja: build stopped: subcommand failed.



